# JRE version: Java(TM) SE Runtime Environment (8.0_25-b18) (build 1.8.0_25-b18)
# Java VM: Java HotSpot(TM) 64-Bit Server VM (25.25-b02 mixed mode windows-amd64 compressed oops)
Heap:
 PSYoungGen      total 104960K, used 15371K [0x0000000781780000, 0x0000000788580000, 0x00000007c0000000)
  eden space 97280K, 10% used [0x0000000781780000,0x000000078215ae00,0x0000000787680000)
  from space 7680K, 68% used [0x0000000787e00000,0x0000000788328128,0x0000000788580000)
  to   space 7680K, 0% used [0x0000000787680000,0x0000000787680000,0x0000000787e00000)
 ParOldGen       total 128512K, used 59719K [0x0000000704600000, 0x000000070c380000, 0x0000000781780000)
  object space 128512K, 46% used [0x0000000704600000,0x0000000708051d10,0x000000070c380000)
 Metaspace       used 16903K, capacity 17106K, committed 17280K, reserved 1064960K
  class space    used 2330K, capacity 2402K, committed 2432K, reserved 1048576K
GC Heap History (4 events):
Event: 0.906 GC heap before
{Heap before GC invocations=1 (full 0):
 PSYoungGen      total 56320K, used 40849K [0x0000000781780000, 0x0000000785600000, 0x00000007c0000000)
  eden space 48640K, 83% used [0x0000000781780000,0x0000000783f64620,0x0000000784700000)
  from space 7680K, 0% used [0x0000000784e80000,0x0000000784e80000,0x0000000785600000)
  to   space 7680K, 0% used [0x0000000784700000,0x0000000784700000,0x0000000784e80000)
 ParOldGen       total 128512K, used 0K [0x0000000704600000, 0x000000070c380000, 0x0000000781780000)
  object space 128512K, 0% used [0x0000000704600000,0x0000000704600000,0x000000070c380000)
 Metaspace       used 8748K, capacity 8850K, committed 9088K, reserved 1056768K
  class space    used 1046K, capacity 1086K, committed 1152K, reserved 1048576K
Event: 0.936 GC heap after
Heap after GC invocations=1 (full 0):
 PSYoungGen      total 56320K, used 7673K [0x0000000781780000, 0x0000000788580000, 0x00000007c0000000)
  eden space 48640K, 0% used [0x0000000781780000,0x0000000781780000,0x0000000784700000)
  from space 7680K, 99% used [0x0000000784700000,0x0000000784e7e718,0x0000000784e80000)
  to   space 7680K, 0% used [0x0000000787e00000,0x0000000787e00000,0x0000000788580000)
 ParOldGen       total 128512K, used 32703K [0x0000000704600000, 0x000000070c380000, 0x0000000781780000)
  object space 128512K, 25% used [0x0000000704600000,0x00000007065efce0,0x000000070c380000)
 Metaspace       used 8748K, capacity 8850K, committed 9088K, reserved 1056768K
  class space    used 1046K, capacity 1086K, committed 1152K, reserved 1048576K
}
Event: 5.555 GC heap before
{Heap before GC invocations=2 (full 0):
 PSYoungGen      total 56320K, used 56313K [0x0000000781780000, 0x0000000788580000, 0x00000007c0000000)
  eden space 48640K, 100% used [0x0000000781780000,0x0000000784700000,0x0000000784700000)
  from space 7680K, 99% used [0x0000000784700000,0x0000000784e7e718,0x0000000784e80000)
  to   space 7680K, 0% used [0x0000000787e00000,0x0000000787e00000,0x0000000788580000)
 ParOldGen       total 128512K, used 32703K [0x0000000704600000, 0x000000070c380000, 0x0000000781780000)
  object space 128512K, 25% used [0x0000000704600000,0x00000007065efce0,0x000000070c380000)
 Metaspace       used 15573K, capacity 15716K, committed 16128K, reserved 1062912K
  class space    used 2187K, capacity 2241K, committed 2304K, reserved 1048576K
Event: 5.570 GC heap after
Heap after GC invocations=2 (full 0):
 PSYoungGen      total 104960K, used 5280K [0x0000000781780000, 0x0000000788580000, 0x00000007c0000000)
  eden space 97280K, 0% used [0x0000000781780000,0x0000000781780000,0x0000000787680000)
  from space 7680K, 68% used [0x0000000787e00000,0x0000000788328128,0x0000000788580000)
  to   space 7680K, 0% used [0x0000000787680000,0x0000000787680000,0x0000000787e00000)
 ParOldGen       total 128512K, used 59719K [0x0000000704600000, 0x000000070c380000, 0x0000000781780000)
  object space 128512K, 46% used [0x0000000704600000,0x0000000708051d10,0x000000070c380000)
 Metaspace       used 15573K, capacity 15716K, committed 16128K, reserved 1062912K
  class space    used 2187K, capacity 2241K, committed 2304K, reserved 1048576K
}

