# JRE version: Java(TM) SE Runtime Environment (8.0_25-b18) (build 1.8.0_25-b18)
# Java VM: Java HotSpot(TM) 64-Bit Server VM (25.25-b02 mixed mode windows-amd64 compressed oops)
Heap:
 PSYoungGen      total 54272K, used 9078K [0x0000000781780000, 0x0000000788380000, 0x00000007c0000000)
  eden space 48640K, 7% used [0x0000000781780000,0x0000000781b4a430,0x0000000784700000)
  from space 5632K, 92% used [0x0000000787e00000,0x00000007883133d0,0x0000000788380000)
  to   space 7680K, 0% used [0x0000000787480000,0x0000000787480000,0x0000000787c00000)
 ParOldGen       total 128512K, used 59687K [0x0000000704600000, 0x000000070c380000, 0x0000000781780000)
  object space 128512K, 46% used [0x0000000704600000,0x0000000708049d10,0x000000070c380000)
 Metaspace       used 16156K, capacity 16358K, committed 16768K, reserved 1062912K
  class space    used 2251K, capacity 2306K, committed 2432K, reserved 1048576K
GC Heap History (4 events):
Event: 1.177 GC heap before
{Heap before GC invocations=1 (full 0):
 PSYoungGen      total 56320K, used 40855K [0x0000000781780000, 0x0000000785600000, 0x00000007c0000000)
  eden space 48640K, 83% used [0x0000000781780000,0x0000000783f65cf8,0x0000000784700000)
  from space 7680K, 0% used [0x0000000784e80000,0x0000000784e80000,0x0000000785600000)
  to   space 7680K, 0% used [0x0000000784700000,0x0000000784700000,0x0000000784e80000)
 ParOldGen       total 128512K, used 0K [0x0000000704600000, 0x000000070c380000, 0x0000000781780000)
  object space 128512K, 0% used [0x0000000704600000,0x0000000704600000,0x000000070c380000)
 Metaspace       used 8745K, capacity 8846K, committed 9088K, reserved 1056768K
  class space    used 1044K, capacity 1086K, committed 1152K, reserved 1048576K
Event: 1.196 GC heap after
Heap after GC invocations=1 (full 0):
 PSYoungGen      total 56320K, used 7679K [0x0000000781780000, 0x0000000788580000, 0x00000007c0000000)
  eden space 48640K, 0% used [0x0000000781780000,0x0000000781780000,0x0000000784700000)
  from space 7680K, 99% used [0x0000000784700000,0x0000000784e7fcc8,0x0000000784e80000)
  to   space 7680K, 0% used [0x0000000787e00000,0x0000000787e00000,0x0000000788580000)
 ParOldGen       total 128512K, used 32671K [0x0000000704600000, 0x000000070c380000, 0x0000000781780000)
  object space 128512K, 25% used [0x0000000704600000,0x00000007065e7ce0,0x000000070c380000)
 Metaspace       used 8745K, capacity 8846K, committed 9088K, reserved 1056768K
  class space    used 1044K, capacity 1086K, committed 1152K, reserved 1048576K
}
Event: 17.584 GC heap before
{Heap before GC invocations=2 (full 0):
 PSYoungGen      total 56320K, used 56319K [0x0000000781780000, 0x0000000788580000, 0x00000007c0000000)
  eden space 48640K, 100% used [0x0000000781780000,0x0000000784700000,0x0000000784700000)
  from space 7680K, 99% used [0x0000000784700000,0x0000000784e7fcc8,0x0000000784e80000)
  to   space 7680K, 0% used [0x0000000787e00000,0x0000000787e00000,0x0000000788580000)
 ParOldGen       total 128512K, used 32671K [0x0000000704600000, 0x000000070c380000, 0x0000000781780000)
  object space 128512K, 25% used [0x0000000704600000,0x00000007065e7ce0,0x000000070c380000)
 Metaspace       used 15550K, capacity 15712K, committed 16128K, reserved 1062912K
  class space    used 2184K, capacity 2241K, committed 2304K, reserved 1048576K
Event: 17.602 GC heap after
Heap after GC invocations=2 (full 0):
 PSYoungGen      total 54272K, used 5196K [0x0000000781780000, 0x0000000788380000, 0x00000007c0000000)
  eden space 48640K, 0% used [0x0000000781780000,0x0000000781780000,0x0000000784700000)
  from space 5632K, 92% used [0x0000000787e00000,0x00000007883133d0,0x0000000788380000)
  to   space 7680K, 0% used [0x0000000787480000,0x0000000787480000,0x0000000787c00000)
 ParOldGen       total 128512K, used 59687K [0x0000000704600000, 0x000000070c380000, 0x0000000781780000)
  object space 128512K, 46% used [0x0000000704600000,0x0000000708049d10,0x000000070c380000)
 Metaspace       used 15550K, capacity 15712K, committed 16128K, reserved 1062912K
  class space    used 2184K, capacity 2241K, committed 2304K, reserved 1048576K
}

